<?xml version="1.0" encoding="UTF-8"?>
<!-- Generated by org.testng.reporters.JUnitReportReporter -->
<testsuite hostname="JYOTHI" failures="0" tests="3" name="Test_Main.MAIN" time="126.710" errors="0" timestamp="2022-10-11T12:18:12 IST" skipped="0">
  <testcase classname="Test_Main.MAIN" name="test1" time="61.025"/>
  <system-out/>
  <testcase classname="Test_Main.MAIN" name="test2" time="34.580"/>
  <system-out/>
  <testcase classname="Test_Main.MAIN" name="test3" time="31.105"/>
  <system-out/>
</testsuite> <!-- Test_Main.MAIN -->
